# JRE version: Java(TM) SE Runtime Environment (8.0_261-b12) (build 1.8.0_261-b12)
# Java VM: Java HotSpot(TM) 64-Bit Server VM (25.261-b12 mixed mode windows-amd64 compressed oops)
Heap:
 PSYoungGen      total 36864K, used 24863K [0x00000000e0000000, 0x00000000e2e80000, 0x0000000100000000)
  eden space 27136K, 56% used [0x00000000e0000000,0x00000000e0eeee98,0x00000000e1a80000)
  from space 9728K, 98% used [0x00000000e2480000,0x00000000e2dd8e10,0x00000000e2e00000)
  to   space 10240K, 0% used [0x00000000e1a80000,0x00000000e1a80000,0x00000000e2480000)
 ParOldGen       total 52224K, used 15117K [0x00000000a0000000, 0x00000000a3300000, 0x00000000e0000000)
  object space 52224K, 28% used [0x00000000a0000000,0x00000000a0ec3740,0x00000000a3300000)
 Metaspace       used 46150K, capacity 47230K, committed 47488K, reserved 1089536K
  class space    used 6377K, capacity 6684K, committed 6784K, reserved 1048576K
GC Heap History (10 events):
Event: 53.657 GC heap before
{Heap before GC invocations=14 (full 2):
 PSYoungGen      total 38400K, used 5445K [0x00000000e0000000, 0x00000000e2f80000, 0x0000000100000000)
  eden space 29184K, 0% used [0x00000000e0000000,0x00000000e0000000,0x00000000e1c80000)
  from space 9216K, 59% used [0x00000000e2680000,0x00000000e2bd14c8,0x00000000e2f80000)
  to   space 9728K, 0% used [0x00000000e1c80000,0x00000000e1c80000,0x00000000e2600000)
 ParOldGen       total 46592K, used 11225K [0x00000000a0000000, 0x00000000a2d80000, 0x00000000e0000000)
  object space 46592K, 24% used [0x00000000a0000000,0x00000000a0af67e8,0x00000000a2d80000)
 Metaspace       used 34536K, capacity 35194K, committed 35416K, reserved 1079296K
  class space    used 4860K, capacity 5047K, committed 5120K, reserved 1048576K
Event: 53.721 GC heap after
Heap after GC invocations=14 (full 2):
 PSYoungGen      total 38400K, used 0K [0x00000000e0000000, 0x00000000e2f80000, 0x0000000100000000)
  eden space 29184K, 0% used [0x00000000e0000000,0x00000000e0000000,0x00000000e1c80000)
  from space 9216K, 0% used [0x00000000e2680000,0x00000000e2680000,0x00000000e2f80000)
  to   space 9728K, 0% used [0x00000000e1c80000,0x00000000e1c80000,0x00000000e2600000)
 ParOldGen       total 52224K, used 15085K [0x00000000a0000000, 0x00000000a3300000, 0x00000000e0000000)
  object space 52224K, 28% used [0x00000000a0000000,0x00000000a0ebb740,0x00000000a3300000)
 Metaspace       used 34527K, capacity 35164K, committed 35416K, reserved 1079296K
  class space    used 4857K, capacity 5042K, committed 5120K, reserved 1048576K
}
Event: 58.387 GC heap before
{Heap before GC invocations=15 (full 2):
 PSYoungGen      total 38400K, used 29184K [0x00000000e0000000, 0x00000000e2f80000, 0x0000000100000000)
  eden space 29184K, 100% used [0x00000000e0000000,0x00000000e1c80000,0x00000000e1c80000)
  from space 9216K, 0% used [0x00000000e2680000,0x00000000e2680000,0x00000000e2f80000)
  to   space 9728K, 0% used [0x00000000e1c80000,0x00000000e1c80000,0x00000000e2600000)
 ParOldGen       total 52224K, used 15085K [0x00000000a0000000, 0x00000000a3300000, 0x00000000e0000000)
  object space 52224K, 28% used [0x00000000a0000000,0x00000000a0ebb740,0x00000000a3300000)
 Metaspace       used 38684K, capacity 39484K, committed 39808K, reserved 1083392K
  class space    used 5431K, capacity 5672K, committed 5760K, reserved 1048576K
Event: 58.391 GC heap after
Heap after GC invocations=15 (full 2):
 PSYoungGen      total 33280K, used 4231K [0x00000000e0000000, 0x00000000e2f00000, 0x0000000100000000)
  eden space 28672K, 0% used [0x00000000e0000000,0x00000000e0000000,0x00000000e1c00000)
  from space 4608K, 91% used [0x00000000e1c80000,0x00000000e20a1f40,0x00000000e2100000)
  to   space 9728K, 0% used [0x00000000e2580000,0x00000000e2580000,0x00000000e2f00000)
 ParOldGen       total 52224K, used 15093K [0x00000000a0000000, 0x00000000a3300000, 0x00000000e0000000)
  object space 52224K, 28% used [0x00000000a0000000,0x00000000a0ebd740,0x00000000a3300000)
 Metaspace       used 38684K, capacity 39484K, committed 39808K, reserved 1083392K
  class space    used 5431K, capacity 5672K, committed 5760K, reserved 1048576K
}
Event: 60.577 GC heap before
{Heap before GC invocations=16 (full 2):
 PSYoungGen      total 33280K, used 32903K [0x00000000e0000000, 0x00000000e2f00000, 0x0000000100000000)
  eden space 28672K, 100% used [0x00000000e0000000,0x00000000e1c00000,0x00000000e1c00000)
  from space 4608K, 91% used [0x00000000e1c80000,0x00000000e20a1f40,0x00000000e2100000)
  to   space 9728K, 0% used [0x00000000e2580000,0x00000000e2580000,0x00000000e2f00000)
 ParOldGen       total 52224K, used 15093K [0x00000000a0000000, 0x00000000a3300000, 0x00000000e0000000)
  object space 52224K, 28% used [0x00000000a0000000,0x00000000a0ebd740,0x00000000a3300000)
 Metaspace       used 41784K, capacity 42670K, committed 43008K, reserved 1085440K
  class space    used 5813K, capacity 6059K, committed 6144K, reserved 1048576K
Event: 60.581 GC heap after
Heap after GC invocations=16 (full 2):
 PSYoungGen      total 37376K, used 5255K [0x00000000e0000000, 0x00000000e2e80000, 0x0000000100000000)
  eden space 28160K, 0% used [0x00000000e0000000,0x00000000e0000000,0x00000000e1b80000)
  from space 9216K, 57% used [0x00000000e2580000,0x00000000e2aa1c68,0x00000000e2e80000)
  to   space 9728K, 0% used [0x00000000e1b80000,0x00000000e1b80000,0x00000000e2500000)
 ParOldGen       total 52224K, used 15101K [0x00000000a0000000, 0x00000000a3300000, 0x00000000e0000000)
  object space 52224K, 28% used [0x00000000a0000000,0x00000000a0ebf740,0x00000000a3300000)
 Metaspace       used 41784K, capacity 42670K, committed 43008K, reserved 1085440K
  class space    used 5813K, capacity 6059K, committed 6144K, reserved 1048576K
}
Event: 62.193 GC heap before
{Heap before GC invocations=17 (full 2):
 PSYoungGen      total 37376K, used 33415K [0x00000000e0000000, 0x00000000e2e80000, 0x0000000100000000)
  eden space 28160K, 100% used [0x00000000e0000000,0x00000000e1b80000,0x00000000e1b80000)
  from space 9216K, 57% used [0x00000000e2580000,0x00000000e2aa1c68,0x00000000e2e80000)
  to   space 9728K, 0% used [0x00000000e1b80000,0x00000000e1b80000,0x00000000e2500000)
 ParOldGen       total 52224K, used 15101K [0x00000000a0000000, 0x00000000a3300000, 0x00000000e0000000)
  object space 52224K, 28% used [0x00000000a0000000,0x00000000a0ebf740,0x00000000a3300000)
 Metaspace       used 43721K, capacity 44674K, committed 45056K, reserved 1087488K
  class space    used 6062K, capacity 6319K, committed 6400K, reserved 1048576K
Event: 62.204 GC heap after
Heap after GC invocations=17 (full 2):
 PSYoungGen      total 34304K, used 6349K [0x00000000e0000000, 0x00000000e2e00000, 0x0000000100000000)
  eden space 27648K, 0% used [0x00000000e0000000,0x00000000e0000000,0x00000000e1b00000)
  from space 6656K, 95% used [0x00000000e1b80000,0x00000000e21b3470,0x00000000e2200000)
  to   space 9728K, 0% used [0x00000000e2480000,0x00000000e2480000,0x00000000e2e00000)
 ParOldGen       total 52224K, used 15109K [0x00000000a0000000, 0x00000000a3300000, 0x00000000e0000000)
  object space 52224K, 28% used [0x00000000a0000000,0x00000000a0ec1740,0x00000000a3300000)
 Metaspace       used 43721K, capacity 44674K, committed 45056K, reserved 1087488K
  class space    used 6062K, capacity 6319K, committed 6400K, reserved 1048576K
}
Event: 65.992 GC heap before
{Heap before GC invocations=18 (full 2):
 PSYoungGen      total 34304K, used 33997K [0x00000000e0000000, 0x00000000e2e00000, 0x0000000100000000)
  eden space 27648K, 100% used [0x00000000e0000000,0x00000000e1b00000,0x00000000e1b00000)
  from space 6656K, 95% used [0x00000000e1b80000,0x00000000e21b3470,0x00000000e2200000)
  to   space 9728K, 0% used [0x00000000e2480000,0x00000000e2480000,0x00000000e2e00000)
 ParOldGen       total 52224K, used 15109K [0x00000000a0000000, 0x00000000a3300000, 0x00000000e0000000)
  object space 52224K, 28% used [0x00000000a0000000,0x00000000a0ec1740,0x00000000a3300000)
 Metaspace       used 45750K, capacity 46760K, committed 47104K, reserved 1089536K
  class space    used 6311K, capacity 6576K, committed 6656K, reserved 1048576K
Event: 66.012 GC heap after
Heap after GC invocations=18 (full 2):
 PSYoungGen      total 36864K, used 9571K [0x00000000e0000000, 0x00000000e2e80000, 0x0000000100000000)
  eden space 27136K, 0% used [0x00000000e0000000,0x00000000e0000000,0x00000000e1a80000)
  from space 9728K, 98% used [0x00000000e2480000,0x00000000e2dd8e10,0x00000000e2e00000)
  to   space 10240K, 0% used [0x00000000e1a80000,0x00000000e1a80000,0x00000000e2480000)
 ParOldGen       total 52224K, used 15117K [0x00000000a0000000, 0x00000000a3300000, 0x00000000e0000000)
  object space 52224K, 28% used [0x00000000a0000000,0x00000000a0ec3740,0x00000000a3300000)
 Metaspace       used 45750K, capacity 46760K, committed 47104K, reserved 1089536K
  class space    used 6311K, capacity 6576K, committed 6656K, reserved 1048576K
}

